{"level":"error","message":"\"No User Found\"","timestamp":"2024-04-16T17:52:42.049Z"}
{"level":"error","message":"\"User already exist\"","timestamp":"2024-04-16T18:12:57.098Z"}
{"level":"error","message":"\"User already exist\"","timestamp":"2024-04-16T18:13:01.905Z"}
{"level":"error","message":"\"User already exist\"","timestamp":"2024-04-16T18:13:03.561Z"}
{"level":"error","message":"\"User already exist\"","timestamp":"2024-04-16T18:13:03.709Z"}
{"level":"error","message":"\"User already exist\"","timestamp":"2024-04-16T18:13:08.525Z"}
{"level":"error","message":"{\"message\":\"connection <monitor> to 43.205.152.252:27017 timed out\",\"reason\":{\"type\":\"ReplicaSetNoPrimary\",\"servers\":{},\"stale\":false,\"compatible\":true,\"heartbeatFrequencyMS\":10000,\"localThresholdMS\":15,\"setName\":\"atlas-ox34wp-shard-0\",\"maxElectionId\":\"7fffffff0000000000000004\",\"maxSetVersion\":7,\"commonWireVersion\":0,\"logicalSessionTimeoutMinutes\":30}}","timestamp":"2024-04-16T18:49:10.196Z"}
{"level":"error","message":"{\"message\":\"connection <monitor> to 43.205.152.252:27017 timed out\",\"reason\":{\"type\":\"ReplicaSetNoPrimary\",\"servers\":{},\"stale\":false,\"compatible\":true,\"heartbeatFrequencyMS\":10000,\"localThresholdMS\":15,\"setName\":\"atlas-ox34wp-shard-0\",\"maxElectionId\":\"7fffffff0000000000000004\",\"maxSetVersion\":7,\"commonWireVersion\":0,\"logicalSessionTimeoutMinutes\":30}}","timestamp":"2024-04-16T18:49:10.199Z"}
{"level":"error","message":"\"Password Incorrect\"","timestamp":"2024-04-17T15:04:20.898Z"}
{"level":"error","message":"\"Password Incorrect\"","timestamp":"2024-04-17T15:04:25.299Z"}
{"level":"error","message":"{\"errors\":{\"name\":{\"name\":\"ValidatorError\",\"message\":\"Path `name` is required.\",\"properties\":{\"message\":\"Path `name` is required.\",\"type\":\"required\",\"path\":\"name\",\"value\":\"\"},\"kind\":\"required\",\"path\":\"name\",\"value\":\"\"},\"location\":{\"name\":\"ValidatorError\",\"message\":\"Path `location` is required.\",\"properties\":{\"message\":\"Path `location` is required.\",\"type\":\"required\",\"path\":\"location\",\"value\":\"\"},\"kind\":\"required\",\"path\":\"location\",\"value\":\"\"}},\"_message\":\"Hotel validation failed\",\"name\":\"ValidationError\",\"message\":\"Hotel validation failed: name: Path `name` is required., location: Path `location` is required.\"}","timestamp":"2024-04-17T17:34:27.442Z"}
{"level":"error","message":"{\"errors\":{\"name\":{\"name\":\"ValidatorError\",\"message\":\"Path `name` is required.\",\"properties\":{\"message\":\"Path `name` is required.\",\"type\":\"required\",\"path\":\"name\",\"value\":\"\"},\"kind\":\"required\",\"path\":\"name\",\"value\":\"\"},\"location\":{\"name\":\"ValidatorError\",\"message\":\"Path `location` is required.\",\"properties\":{\"message\":\"Path `location` is required.\",\"type\":\"required\",\"path\":\"location\",\"value\":\"\"},\"kind\":\"required\",\"path\":\"location\",\"value\":\"\"}},\"_message\":\"Hotel validation failed\",\"name\":\"ValidationError\",\"message\":\"Hotel validation failed: name: Path `name` is required., location: Path `location` is required.\"}","timestamp":"2024-04-17T17:34:33.566Z"}
{"level":"error","message":"{\"errors\":{\"seatnumber\":{\"stringValue\":\"\\\"adfafd\\\"\",\"valueType\":\"string\",\"kind\":\"Number\",\"value\":\"adfafd\",\"path\":\"seatnumber\",\"reason\":{\"generatedMessage\":true,\"code\":\"ERR_ASSERTION\",\"actual\":false,\"expected\":true,\"operator\":\"==\"},\"name\":\"CastError\",\"message\":\"Cast to Number failed for value \\\"adfafd\\\" (type string) at path \\\"seatnumber\\\"\"},\"cost\":{\"stringValue\":\"\\\"afadfa\\\"\",\"valueType\":\"string\",\"kind\":\"Number\",\"value\":\"afadfa\",\"path\":\"cost\",\"reason\":{\"generatedMessage\":true,\"code\":\"ERR_ASSERTION\",\"actual\":false,\"expected\":true,\"operator\":\"==\"},\"name\":\"CastError\",\"message\":\"Cast to Number failed for value \\\"afadfa\\\" (type string) at path \\\"cost\\\"\"}},\"_message\":\"Car validation failed\",\"name\":\"ValidationError\",\"message\":\"Car validation failed: seatnumber: Cast to Number failed for value \\\"adfafd\\\" (type string) at path \\\"seatnumber\\\", cost: Cast to Number failed for value \\\"afadfa\\\" (type string) at path \\\"cost\\\"\"}","timestamp":"2024-04-17T17:48:18.018Z"}
{"level":"error","message":"{\"errors\":{\"cost\":{\"stringValue\":\"\\\"afadfa\\\"\",\"valueType\":\"string\",\"kind\":\"Number\",\"value\":\"afadfa\",\"path\":\"cost\",\"reason\":{\"generatedMessage\":true,\"code\":\"ERR_ASSERTION\",\"actual\":false,\"expected\":true,\"operator\":\"==\"},\"name\":\"CastError\",\"message\":\"Cast to Number failed for value \\\"afadfa\\\" (type string) at path \\\"cost\\\"\"}},\"_message\":\"Car validation failed\",\"name\":\"ValidationError\",\"message\":\"Car validation failed: cost: Cast to Number failed for value \\\"afadfa\\\" (type string) at path \\\"cost\\\"\"}","timestamp":"2024-04-17T17:48:35.831Z"}
{"level":"error","message":"\"No User Found\"","timestamp":"2024-04-17T18:11:03.088Z"}
{"level":"error","message":"\"No User Found\"","timestamp":"2024-04-17T18:11:08.286Z"}
{"level":"error","message":"\"No User Found\"","timestamp":"2024-04-17T18:11:08.968Z"}
{"level":"error","message":"\"No User Found\"","timestamp":"2024-04-20T15:56:38.684Z"}
{"level":"error","message":"\"Password Incorrect\"","timestamp":"2024-04-20T15:56:55.479Z"}
{"level":"error","message":"\"Password Incorrect\"","timestamp":"2024-04-20T16:10:29.286Z"}
{"level":"error","message":"\"Password Incorrect\"","timestamp":"2024-04-21T09:44:48.661Z"}
{"level":"error","message":"\"Password Incorrect\"","timestamp":"2024-04-21T10:01:51.988Z"}
{"level":"error","message":"\"Password Incorrect\"","timestamp":"2024-04-21T10:01:56.128Z"}
{"level":"error","message":"\"No User Found\"","timestamp":"2024-04-21T12:23:31.536Z"}
{"level":"error","message":"\"Password Incorrect\"","timestamp":"2024-04-21T12:40:30.767Z"}
